Name                                                  Stmts   Miss Branch BrPart  Cover   Missing
-------------------------------------------------------------------------------------------------
basechem/common/analysis_utils.py                       400     81    142     20    77%   63, 121, 141, 197-212, 247-324, 346-360, 386-394, 413, 472, 541, 708, 779, 848-851, 854-856, 908-911, 928, 961, 1028-1034, 116->121, 140->141, 184->210, 196->197, 345->346, 412->413, 471->472, 484->exit, 540->541, 693->exit, 707->708, 778->779, 847->848, 853->854, 907->908, 927->928, 948->exit, 960->961, 998->1028, 1009->1014
basechem/common/analytic.py                              18      0      4      1    95%   29->33
basechem/common/dtx_utils.py                            127     72     52      5    40%   15, 22, 47, 117, 130-177, 201-221, 241, 248, 257-346, 12->15, 19->22, 46->47, 114->117, 200->201
basechem/common/file_utils.py                            11      0      2      1    92%   10->13
basechem/common/inductive_utils.py                       94     18     28      8    75%   69, 83-86, 107, 170, 184-187, 206, 229-247, 68->69, 82->83, 106->107, 169->170, 183->184, 205->206, 228->exit, 228->229
basechem/common/middleware.py                            30     16      8      1    45%   21-22, 30, 33, 45-63, 20->21
basechem/common/mocks/mock_inductive_utils.py            24      1     10      1    94%   72, 24->36
basechem/common/propcalc_utils.py                        66      1     22      2    97%   91, 90->91, 102->106
basechem/common/rdkit_utils.py                          167      9     32      2    94%   102-107, 248-253, 278-279, 208->exit, 291->290
basechem/common/slurm_utils.py                           50     14     12      4    68%   29-43, 119-121, 161, 171-180, 53->56, 114->119, 139->142, 140->139
basechem/main/assay_emailer_utils.py                    162      7     52      4    95%   58-60, 85-87, 285-288, 33->exit, 39->43, 84->85, 353->351
basechem/main/forms.py                                  319     23    111      9    92%   81, 143, 158, 180, 239-245, 461-477, 667, 669, 673, 80->81, 142->143, 157->158, 177->180, 238->239, 359->369, 666->667, 668->669, 672->673
basechem/main/management/commands/bulk_analysis.py       77      6     24      2    92%   72-74, 109-111, 77->83, 114->120
basechem/main/mixins.py                                  56     13     22      6    68%   60-61, 73, 76-78, 88, 91-93, 104-106, 59->60, 72->73, 74->76, 87->88, 89->91, 102->104
basechem/main/mmp_utils.py                               22      1      8      1    93%   46, 45->46
basechem/main/models/collection_models.py               542     32    266     30    91%   80, 269-270, 287, 307, 344, 370-373, 398-405, 524-527, 653-658, 758, 872, 949-952, 981, 1026, 1060, 1129-1130, 79->80, 206->205, 284->287, 303->307, 343->344, 356->370, 386->391, 392->395, 397->398, 426->433, 510->exit, 522->524, 629->exit, 651->653, 732->734, 757->758, 763->781, 844->842, 847->849, 871->872, 877->894, 890->889, 948->949, 956->958, 980->981, 985->996, 1023->1026, 1059->1060, 1067->1088, 1128->1129
basechem/main/models/compound_models.py                 847     69    332     46    89%   194-195, 226, 237-238, 249, 262-264, 295-297, 330-332, 334-336, 394, 407, 551, 556-557, 654-661, 708, 734-737, 745-754, 775-777, 980-981, 1052, 1178-1183, 1193, 1196-1198, 1208, 1211, 1416-1418, 1510, 1527, 1534, 1699, 1702, 1706-1707, 1748, 1790, 174->exit, 222->226, 235->237, 240->249, 261->262, 294->295, 329->330, 333->334, 383->394, 389->392, 402->407, 550->551, 554->556, 602->exit, 609->612, 648->651, 653->654, 705->708, 720->734, 729->732, 769->772, 774->775, 979->980, 995->1003, 1051->1052, 1102->1104, 1108->1107, 1124->1126, 1177->1178, 1192->1193, 1195->1196, 1206->1208, 1270->1275, 1328->1330, 1375->1391, 1380->1382, 1509->1510, 1518->1534, 1523->1526, 1526->1527, 1598->exit, 1698->1699, 1700->1702, 1703->1706, 1734->1748, 1789->1790
basechem/main/tasks.py                                  248     64    114     12    73%   65-70, 82-94, 108-157, 170-181, 341-342, 409, 446-448, 588, 169->170, 301->303, 337->340, 383->399, 394->397, 407->409, 418->422, 427->exit, 439->446, 441->exit, 553->555, 587->588
basechem/main/templatetags/tags.py                      138     37     72     18    66%   96-100, 111-112, 129, 131, 136-142, 148-151, 156, 158, 163-169, 196-199, 207, 213-214, 219, 233, 236, 245, 110->111, 113->exit, 128->129, 130->131, 132->135, 135->136, 146->148, 155->156, 157->158, 162->163, 195->196, 206->207, 212->213, 218->219, 232->233, 234->237, 235->236, 255->exit
basechem/main/views/ajax_views.py                       171      2     60      5    97%   31, 37, 30->31, 36->37, 45->exit, 125->127, 171->exit
basechem/main/views/analysis_views.py                   221      2     32      4    98%   96, 205, 86->96, 159->164, 164->175, 194->205
basechem/main/views/base_views.py                       309     21    102     14    90%   102, 104, 106, 108, 138-154, 185, 231, 248-254, 322-323, 617, 82->92, 101->102, 103->104, 105->106, 107->108, 137->138, 184->185, 230->231, 317->319, 407->416, 416->420, 432->462, 525->537, 593->exit
basechem/mni_common/forms/fields.py                      20      3      6      2    81%   23, 36, 47, 20->23, 35->36
basechem/mni_common/forms/forms.py                       23      1      2      1    92%   47, 46->47
basechem/mni_common/forms/utils.py                       11     11     10      0     0%   1-24
basechem/mni_common/forms/widgets.py                      8      2      0      0    75%   8-9
basechem/mni_common/rdkit_utils.py                       26      4      4      0    87%   19-20, 23-24
basechem/mni_common/storage.py                           38      8     12      5    74%   14, 21, 55-57, 73-75, 11->14, 18->21, 32->44, 54->55, 72->73
basechem/mni_common/templatetags/mni_common_tags.py      53      2     12      0    97%   127-128
basechem/mni_common/views/bug_report_view.py             37      3     12      3    88%   39, 66-67, 21->63, 38->39, 40->35
basechem/sso/utils.py                                    20      2      4      1    88%   42-43, 39->42
basechem/sso/views.py                                    83     14     32      2    81%   42-56, 28->30, 40->42
-------------------------------------------------------------------------------------------------
TOTAL                                                  4665    539   1635    210    86%

24 files skipped due to complete coverage.
